# JRE version: OpenJDK Runtime Environment (8.0_171-b11) (build 1.8.0_171-8u171-b11-0ubuntu0.17.10.1-b11)
# Java VM: OpenJDK 64-Bit Server VM (25.171-b11 mixed mode linux-amd64 compressed oops)
Heap:
 PSYoungGen      total 378368K, used 512K [0x00000000d7000000, 0x00000000f0500000, 0x0000000100000000)
  eden space 366080K, 0% used [0x00000000d7000000,0x00000000d7000000,0x00000000ed580000)
  from space 12288K, 4% used [0x00000000eed00000,0x00000000eed80000,0x00000000ef900000)
  to   space 512K, 0% used [0x00000000f0480000,0x00000000f0480000,0x00000000f0500000)
 ParOldGen       total 62464K, used 16434K [0x0000000085000000, 0x0000000088d00000, 0x00000000d7000000)
  object space 62464K, 26% used [0x0000000085000000,0x000000008600c9e0,0x0000000088d00000)
 Metaspace       used 20988K, capacity 21338K, committed 21680K, reserved 1069056K
  class space    used 2613K, capacity 2723K, committed 2816K, reserved 1048576K
GC Heap History (10 events):
Event: 15.830 GC heap after
Heap after GC invocations=7 (full 0):
 PSYoungGen      total 135168K, used 7634K [0x00000000d7000000, 0x00000000e7900000, 0x0000000100000000)
  eden space 126464K, 0% used [0x00000000d7000000,0x00000000d7000000,0x00000000deb80000)
  from space 8704K, 87% used [0x00000000deb80000,0x00000000df2f4a38,0x00000000df400000)
  to   space 9216K, 0% used [0x00000000e7000000,0x00000000e7000000,0x00000000e7900000)
 ParOldGen       total 84992K, used 5976K [0x0000000085000000, 0x000000008a300000, 0x00000000d7000000)
  object space 84992K, 7% used [0x0000000085000000,0x00000000855d6010,0x000000008a300000)
 Metaspace       used 19161K, capacity 19454K, committed 19584K, reserved 1067008K
  class space    used 2331K, capacity 2425K, committed 2432K, reserved 1048576K
}
Event: 19.176 GC heap before
{Heap before GC invocations=8 (full 0):
 PSYoungGen      total 135168K, used 134098K [0x00000000d7000000, 0x00000000e7900000, 0x0000000100000000)
  eden space 126464K, 100% used [0x00000000d7000000,0x00000000deb80000,0x00000000deb80000)
  from space 8704K, 87% used [0x00000000deb80000,0x00000000df2f4a38,0x00000000df400000)
  to   space 9216K, 0% used [0x00000000e7000000,0x00000000e7000000,0x00000000e7900000)
 ParOldGen       total 84992K, used 5976K [0x0000000085000000, 0x000000008a300000, 0x00000000d7000000)
  object space 84992K, 7% used [0x0000000085000000,0x00000000855d6010,0x000000008a300000)
 Metaspace       used 20068K, capacity 20328K, committed 20480K, reserved 1067008K
  class space    used 2464K, capacity 2560K, committed 2560K, reserved 1048576K
Event: 19.189 GC heap after
Heap after GC invocations=8 (full 0):
 PSYoungGen      total 260608K, used 9211K [0x00000000d7000000, 0x00000000e7c00000, 0x0000000100000000)
  eden space 251392K, 0% used [0x00000000d7000000,0x00000000d7000000,0x00000000e6580000)
  from space 9216K, 99% used [0x00000000e7000000,0x00000000e78fed00,0x00000000e7900000)
  to   space 10752K, 0% used [0x00000000e6580000,0x00000000e6580000,0x00000000e7000000)
 ParOldGen       total 84992K, used 7108K [0x0000000085000000, 0x000000008a300000, 0x00000000d7000000)
  object space 84992K, 8% used [0x0000000085000000,0x00000000856f1008,0x000000008a300000)
 Metaspace       used 20068K, capacity 20328K, committed 20480K, reserved 1067008K
  class space    used 2464K, capacity 2560K, committed 2560K, reserved 1048576K
}
Event: 50.337 GC heap before
{Heap before GC invocations=9 (full 0):
 PSYoungGen      total 260608K, used 180984K [0x00000000d7000000, 0x00000000e7c00000, 0x0000000100000000)
  eden space 251392K, 68% used [0x00000000d7000000,0x00000000e17bf440,0x00000000e6580000)
  from space 9216K, 99% used [0x00000000e7000000,0x00000000e78fed00,0x00000000e7900000)
  to   space 10752K, 0% used [0x00000000e6580000,0x00000000e6580000,0x00000000e7000000)
 ParOldGen       total 84992K, used 7108K [0x0000000085000000, 0x000000008a300000, 0x00000000d7000000)
  object space 84992K, 8% used [0x0000000085000000,0x00000000856f1008,0x000000008a300000)
 Metaspace       used 20780K, capacity 21070K, committed 21296K, reserved 1069056K
  class space    used 2575K, capacity 2657K, committed 2688K, reserved 1048576K
Event: 50.379 GC heap after
Heap after GC invocations=9 (full 0):
 PSYoungGen      total 262144K, used 9761K [0x00000000d7000000, 0x00000000f1000000, 0x0000000100000000)
  eden space 251392K, 0% used [0x00000000d7000000,0x00000000d7000000,0x00000000e6580000)
  from space 10752K, 90% used [0x00000000e6580000,0x00000000e6f086d8,0x00000000e7000000)
  to   space 11776K, 0% used [0x00000000f0480000,0x00000000f0480000,0x00000000f1000000)
 ParOldGen       total 84992K, used 9036K [0x0000000085000000, 0x000000008a300000, 0x00000000d7000000)
  object space 84992K, 10% used [0x0000000085000000,0x00000000858d3030,0x000000008a300000)
 Metaspace       used 20780K, capacity 21070K, committed 21296K, reserved 1069056K
  class space    used 2575K, capacity 2657K, committed 2688K, reserved 1048576K
}
Event: 50.379 GC heap before
{Heap before GC invocations=10 (full 1):
 PSYoungGen      total 262144K, used 9761K [0x00000000d7000000, 0x00000000f1000000, 0x0000000100000000)
  eden space 251392K, 0% used [0x00000000d7000000,0x00000000d7000000,0x00000000e6580000)
  from space 10752K, 90% used [0x00000000e6580000,0x00000000e6f086d8,0x00000000e7000000)
  to   space 11776K, 0% used [0x00000000f0480000,0x00000000f0480000,0x00000000f1000000)
 ParOldGen       total 84992K, used 9036K [0x0000000085000000, 0x000000008a300000, 0x00000000d7000000)
  object space 84992K, 10% used [0x0000000085000000,0x00000000858d3030,0x000000008a300000)
 Metaspace       used 20780K, capacity 21070K, committed 21296K, reserved 1069056K
  class space    used 2575K, capacity 2657K, committed 2688K, reserved 1048576K
Event: 51.271 GC heap after
Heap after GC invocations=10 (full 1):
 PSYoungGen      total 262144K, used 0K [0x00000000d7000000, 0x00000000f1000000, 0x0000000100000000)
  eden space 251392K, 0% used [0x00000000d7000000,0x00000000d7000000,0x00000000e6580000)
  from space 10752K, 0% used [0x00000000e6580000,0x00000000e6580000,0x00000000e7000000)
  to   space 11776K, 0% used [0x00000000f0480000,0x00000000f0480000,0x00000000f1000000)
 ParOldGen       total 62464K, used 16210K [0x0000000085000000, 0x0000000088d00000, 0x00000000d7000000)
  object space 62464K, 25% used [0x0000000085000000,0x0000000085fd49e0,0x0000000088d00000)
 Metaspace       used 20780K, capacity 21070K, committed 21296K, reserved 1069056K
  class space    used 2575K, capacity 2657K, committed 2688K, reserved 1048576K
}
Event: 56.236 GC heap before
{Heap before GC invocations=11 (full 1):
 PSYoungGen      total 262144K, used 251392K [0x00000000d7000000, 0x00000000f1000000, 0x0000000100000000)
  eden space 251392K, 100% used [0x00000000d7000000,0x00000000e6580000,0x00000000e6580000)
  from space 10752K, 0% used [0x00000000e6580000,0x00000000e6580000,0x00000000e7000000)
  to   space 11776K, 0% used [0x00000000f0480000,0x00000000f0480000,0x00000000f1000000)
 ParOldGen       total 62464K, used 16210K [0x0000000085000000, 0x0000000088d00000, 0x00000000d7000000)
  object space 62464K, 25% used [0x0000000085000000,0x0000000085fd49e0,0x0000000088d00000)
 Metaspace       used 20873K, capacity 21198K, committed 21424K, reserved 1069056K
  class space    used 2593K, capacity 2721K, committed 2816K, reserved 1048576K
Event: 57.029 GC heap after
Heap after GC invocations=11 (full 1):
 PSYoungGen      total 366592K, used 416K [0x00000000d7000000, 0x00000000f0500000, 0x0000000100000000)
  eden space 366080K, 0% used [0x00000000d7000000,0x00000000d7000000,0x00000000ed580000)
  from space 512K, 81% used [0x00000000f0480000,0x00000000f04e8000,0x00000000f0500000)
  to   space 12288K, 0% used [0x00000000eed00000,0x00000000eed00000,0x00000000ef900000)
 ParOldGen       total 62464K, used 16218K [0x0000000085000000, 0x0000000088d00000, 0x00000000d7000000)
  object space 62464K, 25% used [0x0000000085000000,0x0000000085fd69e0,0x0000000088d00000)
 Metaspace       used 20873K, capacity 21198K, committed 21424K, reserved 1069056K
  class space    used 2593K, capacity 2721K, committed 2816K, reserved 1048576K
}
Event: 62.456 GC heap before
{Heap before GC invocations=12 (full 1):
 PSYoungGen      total 366592K, used 366496K [0x00000000d7000000, 0x00000000f0500000, 0x0000000100000000)
  eden space 366080K, 100% used [0x00000000d7000000,0x00000000ed580000,0x00000000ed580000)
  from space 512K, 81% used [0x00000000f0480000,0x00000000f04e8000,0x00000000f0500000)
  to   space 12288K, 0% used [0x00000000eed00000,0x00000000eed00000,0x00000000ef900000)
 ParOldGen       total 62464K, used 16218K [0x0000000085000000, 0x0000000088d00000, 0x00000000d7000000)
  object space 62464K, 25% used [0x0000000085000000,0x0000000085fd69e0,0x0000000088d00000)
 Metaspace       used 20988K, capacity 21338K, committed 21680K, reserved 1069056K
  class space    used 2613K, capacity 2723K, committed 2816K, reserved 1048576K

